[2022-11-03 16:12:19] [ INFO ] [ProductController:28] Se listaron todos los productos
[2022-11-03 16:13:01] [ INFO ] [ProductController:28] Se listaron todos los productos
[2022-11-03 16:13:07] [ INFO ] [ProductController:28] Se listaron todos los productos
[2022-11-03 16:13:27] [ INFO ] [ProductController:28] Se listaron todos los productos
[2022-11-03 16:14:45] [ INFO ] [ProductController:28] Se listaron todos los productos
[2022-11-03 16:15:01] [ INFO ] [ProductController:40] Se listaron todos los productos aleatoriamente
[2022-11-03 16:15:04] [ INFO ] [ProductController:40] Se listaron todos los productos aleatoriamente
[2022-11-03 16:15:08] [ INFO ] [ProductController:40] Se listaron todos los productos aleatoriamente
[2022-11-04 13:42:16] [ INFO ] [ProductController:62] Se agrego un producto
[2022-11-04 13:42:50] [ INFO ] [ProductController:62] Se agrego un producto
[2022-11-04 13:42:55] [ INFO ] [ProductController:62] Se agrego un producto
[2022-11-04 13:42:59] [ INFO ] [ProductController:28] Se listaron todos los productos
[2022-11-04 13:43:39] [ INFO ] [ProductController:28] Se listaron todos los productos
[2022-11-04 13:43:45] [ INFO ] [ProductController:28] Se listaron todos los productos
[2022-11-04 14:49:58] [ INFO ] [ProductController:70] Se agrego un producto
[2022-11-04 15:23:37] [ INFO ] [ProductController:39] Se agrego una categoria
[2022-11-04 15:24:32] [ INFO ] [ProductController:39] Se agrego una categoria
[2022-11-04 15:26:38] [ INFO ] [ProductController:39] Se agrego una categoria
[2022-11-04 15:26:54] [ INFO ] [ProductController:27] Se listaron todos las categorias
[2022-11-04 15:30:43] [ INFO ] [ProductController:39] Se agrego una categoria
[2022-11-04 15:30:47] [ INFO ] [ProductController:39] Se agrego una categoria
[2022-11-04 15:30:48] [ INFO ] [ProductController:39] Se agrego una categoria
[2022-11-04 15:30:48] [ INFO ] [ProductController:39] Se agrego una categoria
[2022-11-04 15:30:48] [ INFO ] [ProductController:39] Se agrego una categoria
[2022-11-04 15:30:49] [ INFO ] [ProductController:39] Se agrego una categoria
[2022-11-04 15:30:49] [ INFO ] [ProductController:39] Se agrego una categoria
[2022-11-04 15:30:50] [ INFO ] [ProductController:39] Se agrego una categoria
[2022-11-04 15:30:50] [ INFO ] [ProductController:39] Se agrego una categoria
[2022-11-04 15:30:54] [ INFO ] [ProductController:27] Se listaron todos las categorias
[2022-11-04 15:36:08] [ INFO ] [ProductController:27] Se listaron todos las categorias
[2022-11-04 15:38:41] [ INFO ] [ProductController:27] Se listaron todos las categorias
[2022-11-04 15:44:11] [ INFO ] [ProductController:27] Se listaron todos las categorias
[2022-11-04 15:45:51] [ INFO ] [ProductController:27] Se listaron todos las categorias
[2022-11-04 15:46:19] [ INFO ] [ProductController:27] Se listaron todos las categorias
[2022-11-04 15:46:50] [ INFO ] [ProductController:27] Se listaron todos las categorias
[2022-11-04 15:49:59] [ INFO ] [ProductController:27] Se listaron todos las categorias
[2022-11-04 15:53:05] [ INFO ] [ProductController:27] Se listaron todos las categorias
[2022-11-04 15:53:15] [ INFO ] [ProductController:70] Se agrego un producto
[2022-11-04 15:53:17] [ INFO ] [ProductController:70] Se agrego un producto
[2022-11-04 15:53:18] [ INFO ] [ProductController:70] Se agrego un producto
[2022-11-04 15:53:18] [ INFO ] [ProductController:70] Se agrego un producto
[2022-11-04 15:53:19] [ INFO ] [ProductController:70] Se agrego un producto
[2022-11-04 15:53:19] [ INFO ] [ProductController:70] Se agrego un producto
[2022-11-04 15:53:20] [ INFO ] [ProductController:70] Se agrego un producto
[2022-11-04 15:53:22] [ INFO ] [ProductController:36] Se listaron todos los productos
[2022-11-04 15:53:30] [ INFO ] [ProductController:48] Se listaron todos los productos aleatoriamente
